{"uid":"cba810a0903a1dfb","name":"test_send_message","fullName":"tests.test_example.ExampleTestCase#test_send_message","historyId":"ad3314ae062a15be71841817dc76a93a","time":{"start":1757258565604,"stop":1757258578051,"duration":12447},"status":"broken","statusMessage":"selenium.common.exceptions.TimeoutException: Message: \nStacktrace:\n#0 0x5592a4e7408a <unknown>\n#1 0x5592a4913a70 <unknown>\n#2 0x5592a4965907 <unknown>\n#3 0x5592a4965b01 <unknown>\n#4 0x5592a49b3d54 <unknown>\n#5 0x5592a498b40d <unknown>\n#6 0x5592a49b114f <unknown>\n#7 0x5592a498b1b3 <unknown>\n#8 0x5592a495759b <unknown>\n#9 0x5592a4958971 <unknown>\n#10 0x5592a4e3925b <unknown>\n#11 0x5592a4e3cfa9 <unknown>\n#12 0x5592a4e20339 <unknown>\n#13 0x5592a4e3db58 <unknown>\n#14 0x5592a4e04c1f <unknown>\n#15 0x5592a4e61118 <unknown>\n#16 0x5592a4e612f6 <unknown>\n#17 0x5592a4e73066 <unknown>\n#18 0x7f88b929caa4 <unknown>\n#19 0x7f88b9329c3c <unknown>","statusTrace":"self = <test_example.ExampleTestCase testMethod=test_send_message>\n\n    def test_send_message(self):\n        self.home.open(OLLAMA_URL)\n        # self.home.select_gemma3()\n        self.home.send_message(\"Hello! Can you help me with Python?\")\n>       self.assertEqual(self.home.get_sent_message(), \"Hello! Can you help me with Python?\")\n                         ^^^^^^^^^^^^^^^^^^^^^^^^^^^^\n\ntests/test_example.py:35: \n_ _ _ _ _ _ _ _ _ _ _ _ _ _ _ _ _ _ _ _ _ _ _ _ _ _ _ _ _ _ _ _ _ _ _ _ _ _ _ _ \npages/home_page.py:33: in get_sent_message\n    return self.get_text(self.SENT_MESSAGE)\n           ^^^^^^^^^^^^^^^^^^^^^^^^^^^^^^^^\npages/base_page.py:19: in get_text\n    return self.wait.until(EC.presence_of_element_located(locator)).text\n           ^^^^^^^^^^^^^^^^^^^^^^^^^^^^^^^^^^^^^^^^^^^^^^^^^^^^^^^^\n_ _ _ _ _ _ _ _ _ _ _ _ _ _ _ _ _ _ _ _ _ _ _ _ _ _ _ _ _ _ _ _ _ _ _ _ _ _ _ _ \n\nself = <selenium.webdriver.support.wait.WebDriverWait (session=\"829a54fc76b671ceea79e1c1ee38ed78\")>\nmethod = <function presence_of_element_located.<locals>._predicate at 0x7fc0163bfb00>\nmessage = ''\n\n    def until(self, method: Callable[[D], Union[Literal[False], T]], message: str = \"\") -> T:\n        \"\"\"Wait until the method returns a value that is not False.\n    \n        Calls the method provided with the driver as an argument until the\n        return value does not evaluate to ``False``.\n    \n        Parameters:\n        -----------\n        method: callable(WebDriver)\n            - A callable object that takes a WebDriver instance as an argument.\n    \n        message: str\n            - Optional message for :exc:`TimeoutException`\n    \n        Return:\n        -------\n        object: T\n            - The result of the last call to `method`\n    \n        Raises:\n        -------\n        TimeoutException\n            - If 'method' does not return a truthy value within the WebDriverWait\n            object's timeout\n    \n        Example:\n        --------\n        >>> from selenium.webdriver.common.by import By\n        >>> from selenium.webdriver.support.ui import WebDriverWait\n        >>> from selenium.webdriver.support import expected_conditions as EC\n    \n        # Wait until an element is visible on the page\n        >>> wait = WebDriverWait(driver, 10)\n        >>> element = wait.until(EC.visibility_of_element_located((By.ID, \"exampleId\")))\n        >>> print(element.text)\n        \"\"\"\n        screen = None\n        stacktrace = None\n    \n        end_time = time.monotonic() + self._timeout\n        while True:\n            try:\n                value = method(self._driver)\n                if value:\n                    return value\n            except self._ignored_exceptions as exc:\n                screen = getattr(exc, \"screen\", None)\n                stacktrace = getattr(exc, \"stacktrace\", None)\n            if time.monotonic() > end_time:\n                break\n            time.sleep(self._poll)\n>       raise TimeoutException(message, screen, stacktrace)\nE       selenium.common.exceptions.TimeoutException: Message: \nE       Stacktrace:\nE       #0 0x5592a4e7408a <unknown>\nE       #1 0x5592a4913a70 <unknown>\nE       #2 0x5592a4965907 <unknown>\nE       #3 0x5592a4965b01 <unknown>\nE       #4 0x5592a49b3d54 <unknown>\nE       #5 0x5592a498b40d <unknown>\nE       #6 0x5592a49b114f <unknown>\nE       #7 0x5592a498b1b3 <unknown>\nE       #8 0x5592a495759b <unknown>\nE       #9 0x5592a4958971 <unknown>\nE       #10 0x5592a4e3925b <unknown>\nE       #11 0x5592a4e3cfa9 <unknown>\nE       #12 0x5592a4e20339 <unknown>\nE       #13 0x5592a4e3db58 <unknown>\nE       #14 0x5592a4e04c1f <unknown>\nE       #15 0x5592a4e61118 <unknown>\nE       #16 0x5592a4e612f6 <unknown>\nE       #17 0x5592a4e73066 <unknown>\nE       #18 0x7f88b929caa4 <unknown>\nE       #19 0x7f88b9329c3c <unknown>\n\n/opt/hostedtoolcache/Python/3.11.13/x64/lib/python3.11/site-packages/selenium/webdriver/support/wait.py:138: TimeoutException","flaky":false,"newFailed":false,"newBroken":false,"newPassed":false,"retriesCount":0,"retriesStatusChange":false,"beforeStages":[{"name":"_unittest_setUpClass_fixture_ExampleTestCase","time":{"start":1757258558237,"stop":1757258558237,"duration":0},"status":"passed","steps":[],"attachments":[],"parameters":[],"stepsCount":0,"shouldDisplayMessage":false,"attachmentsCount":0,"hasContent":false,"attachmentStep":false}],"testStage":{"status":"broken","statusMessage":"selenium.common.exceptions.TimeoutException: Message: \nStacktrace:\n#0 0x5592a4e7408a <unknown>\n#1 0x5592a4913a70 <unknown>\n#2 0x5592a4965907 <unknown>\n#3 0x5592a4965b01 <unknown>\n#4 0x5592a49b3d54 <unknown>\n#5 0x5592a498b40d <unknown>\n#6 0x5592a49b114f <unknown>\n#7 0x5592a498b1b3 <unknown>\n#8 0x5592a495759b <unknown>\n#9 0x5592a4958971 <unknown>\n#10 0x5592a4e3925b <unknown>\n#11 0x5592a4e3cfa9 <unknown>\n#12 0x5592a4e20339 <unknown>\n#13 0x5592a4e3db58 <unknown>\n#14 0x5592a4e04c1f <unknown>\n#15 0x5592a4e61118 <unknown>\n#16 0x5592a4e612f6 <unknown>\n#17 0x5592a4e73066 <unknown>\n#18 0x7f88b929caa4 <unknown>\n#19 0x7f88b9329c3c <unknown>","statusTrace":"self = <test_example.ExampleTestCase testMethod=test_send_message>\n\n    def test_send_message(self):\n        self.home.open(OLLAMA_URL)\n        # self.home.select_gemma3()\n        self.home.send_message(\"Hello! Can you help me with Python?\")\n>       self.assertEqual(self.home.get_sent_message(), \"Hello! Can you help me with Python?\")\n                         ^^^^^^^^^^^^^^^^^^^^^^^^^^^^\n\ntests/test_example.py:35: \n_ _ _ _ _ _ _ _ _ _ _ _ _ _ _ _ _ _ _ _ _ _ _ _ _ _ _ _ _ _ _ _ _ _ _ _ _ _ _ _ \npages/home_page.py:33: in get_sent_message\n    return self.get_text(self.SENT_MESSAGE)\n           ^^^^^^^^^^^^^^^^^^^^^^^^^^^^^^^^\npages/base_page.py:19: in get_text\n    return self.wait.until(EC.presence_of_element_located(locator)).text\n           ^^^^^^^^^^^^^^^^^^^^^^^^^^^^^^^^^^^^^^^^^^^^^^^^^^^^^^^^\n_ _ _ _ _ _ _ _ _ _ _ _ _ _ _ _ _ _ _ _ _ _ _ _ _ _ _ _ _ _ _ _ _ _ _ _ _ _ _ _ \n\nself = <selenium.webdriver.support.wait.WebDriverWait (session=\"829a54fc76b671ceea79e1c1ee38ed78\")>\nmethod = <function presence_of_element_located.<locals>._predicate at 0x7fc0163bfb00>\nmessage = ''\n\n    def until(self, method: Callable[[D], Union[Literal[False], T]], message: str = \"\") -> T:\n        \"\"\"Wait until the method returns a value that is not False.\n    \n        Calls the method provided with the driver as an argument until the\n        return value does not evaluate to ``False``.\n    \n        Parameters:\n        -----------\n        method: callable(WebDriver)\n            - A callable object that takes a WebDriver instance as an argument.\n    \n        message: str\n            - Optional message for :exc:`TimeoutException`\n    \n        Return:\n        -------\n        object: T\n            - The result of the last call to `method`\n    \n        Raises:\n        -------\n        TimeoutException\n            - If 'method' does not return a truthy value within the WebDriverWait\n            object's timeout\n    \n        Example:\n        --------\n        >>> from selenium.webdriver.common.by import By\n        >>> from selenium.webdriver.support.ui import WebDriverWait\n        >>> from selenium.webdriver.support import expected_conditions as EC\n    \n        # Wait until an element is visible on the page\n        >>> wait = WebDriverWait(driver, 10)\n        >>> element = wait.until(EC.visibility_of_element_located((By.ID, \"exampleId\")))\n        >>> print(element.text)\n        \"\"\"\n        screen = None\n        stacktrace = None\n    \n        end_time = time.monotonic() + self._timeout\n        while True:\n            try:\n                value = method(self._driver)\n                if value:\n                    return value\n            except self._ignored_exceptions as exc:\n                screen = getattr(exc, \"screen\", None)\n                stacktrace = getattr(exc, \"stacktrace\", None)\n            if time.monotonic() > end_time:\n                break\n            time.sleep(self._poll)\n>       raise TimeoutException(message, screen, stacktrace)\nE       selenium.common.exceptions.TimeoutException: Message: \nE       Stacktrace:\nE       #0 0x5592a4e7408a <unknown>\nE       #1 0x5592a4913a70 <unknown>\nE       #2 0x5592a4965907 <unknown>\nE       #3 0x5592a4965b01 <unknown>\nE       #4 0x5592a49b3d54 <unknown>\nE       #5 0x5592a498b40d <unknown>\nE       #6 0x5592a49b114f <unknown>\nE       #7 0x5592a498b1b3 <unknown>\nE       #8 0x5592a495759b <unknown>\nE       #9 0x5592a4958971 <unknown>\nE       #10 0x5592a4e3925b <unknown>\nE       #11 0x5592a4e3cfa9 <unknown>\nE       #12 0x5592a4e20339 <unknown>\nE       #13 0x5592a4e3db58 <unknown>\nE       #14 0x5592a4e04c1f <unknown>\nE       #15 0x5592a4e61118 <unknown>\nE       #16 0x5592a4e612f6 <unknown>\nE       #17 0x5592a4e73066 <unknown>\nE       #18 0x7f88b929caa4 <unknown>\nE       #19 0x7f88b9329c3c <unknown>\n\n/opt/hostedtoolcache/Python/3.11.13/x64/lib/python3.11/site-packages/selenium/webdriver/support/wait.py:138: TimeoutException","steps":[{"name":"Test metadata","time":{"start":1757258565604,"stop":1757258565604,"duration":0},"status":"passed","steps":[],"attachments":[],"parameters":[],"stepsCount":0,"shouldDisplayMessage":false,"attachmentsCount":0,"hasContent":false,"attachmentStep":false}],"attachments":[],"parameters":[],"stepsCount":1,"shouldDisplayMessage":true,"attachmentsCount":0,"hasContent":true,"attachmentStep":false},"afterStages":[{"name":"_unittest_setUpClass_fixture_ExampleTestCase::0","time":{"start":1757258578083,"stop":1757258578083,"duration":0},"status":"passed","steps":[],"attachments":[],"parameters":[],"stepsCount":0,"shouldDisplayMessage":false,"attachmentsCount":0,"hasContent":false,"attachmentStep":false}],"labels":[{"name":"browser","value":"chrome"},{"name":"resolution","value":"chrome-mobile"},{"name":"screen","value":"375x667"},{"name":"environment","value":"staging"},{"name":"parentSuite","value":"tests"},{"name":"suite","value":"test_example"},{"name":"subSuite","value":"ExampleTestCase"},{"name":"host","value":"pkrvm7jw40e0xgp"},{"name":"thread","value":"2601-MainThread"},{"name":"framework","value":"pytest"},{"name":"language","value":"cpython3"},{"name":"package","value":"tests.test_example"},{"name":"resultFormat","value":"allure2"}],"parameters":[{"name":"browser","value":"'chrome'"},{"name":"environment","value":"'staging'"},{"name":"resolution","value":"'chrome-mobile'"},{"name":"screen","value":"'375x667'"}],"links":[],"hidden":false,"retry":false,"extra":{"severity":"normal","retries":[],"categories":[{"name":"Test defects","matchedStatuses":[],"flaky":false}],"tags":[]},"source":"cba810a0903a1dfb.json","parameterValues":["'chrome'","'staging'","'chrome-mobile'","'375x667'"]}