{"uid":"aad62a23e4221c48","name":"test_change_name","fullName":"tests.test_example.ExampleTestCase#test_change_name","historyId":"401c7467121e7dc775efa0719d6717a6","time":{"start":1757255582965,"stop":1757255598298,"duration":15333},"status":"broken","statusMessage":"selenium.common.exceptions.TimeoutException: Message: \nStacktrace:\nRemoteError@chrome://remote/content/shared/RemoteError.sys.mjs:8:8\nWebDriverError@chrome://remote/content/shared/webdriver/Errors.sys.mjs:199:5\nNoSuchElementError@chrome://remote/content/shared/webdriver/Errors.sys.mjs:552:5\ndom.find/</<@chrome://remote/content/shared/DOM.sys.mjs:136:16","statusTrace":"self = <test_example.ExampleTestCase testMethod=test_change_name>\n\n    def test_change_name(self):\n        self.home.open(OLLAMA_URL)\n        if self.driver.get_window_size()['width'] < 768:\n>           self.home.open_profile_settings_mobile()\n\ntests/test_example.py:37: \n_ _ _ _ _ _ _ _ _ _ _ _ _ _ _ _ _ _ _ _ _ _ _ _ _ _ _ _ _ _ _ _ _ _ _ _ _ _ _ _ \npages/home_page.py:39: in open_profile_settings_mobile\n    self.open_menu()\npages/home_page.py:44: in open_menu\n    self.click(self.MENU_BTN)\npages/base_page.py:10: in click\n    self.wait.until(EC.element_to_be_clickable(locator)).click()\n    ^^^^^^^^^^^^^^^^^^^^^^^^^^^^^^^^^^^^^^^^^^^^^^^^^^^^\n_ _ _ _ _ _ _ _ _ _ _ _ _ _ _ _ _ _ _ _ _ _ _ _ _ _ _ _ _ _ _ _ _ _ _ _ _ _ _ _ \n\nself = <selenium.webdriver.support.wait.WebDriverWait (session=\"3ca25485-7e4b-492e-acbc-6dd8371148f5\")>\nmethod = <function element_to_be_clickable.<locals>._predicate at 0x7fc23215d8a0>\nmessage = ''\n\n    def until(self, method: Callable[[D], Union[Literal[False], T]], message: str = \"\") -> T:\n        \"\"\"Wait until the method returns a value that is not False.\n    \n        Calls the method provided with the driver as an argument until the\n        return value does not evaluate to ``False``.\n    \n        Parameters:\n        -----------\n        method: callable(WebDriver)\n            - A callable object that takes a WebDriver instance as an argument.\n    \n        message: str\n            - Optional message for :exc:`TimeoutException`\n    \n        Return:\n        -------\n        object: T\n            - The result of the last call to `method`\n    \n        Raises:\n        -------\n        TimeoutException\n            - If 'method' does not return a truthy value within the WebDriverWait\n            object's timeout\n    \n        Example:\n        --------\n        >>> from selenium.webdriver.common.by import By\n        >>> from selenium.webdriver.support.ui import WebDriverWait\n        >>> from selenium.webdriver.support import expected_conditions as EC\n    \n        # Wait until an element is visible on the page\n        >>> wait = WebDriverWait(driver, 10)\n        >>> element = wait.until(EC.visibility_of_element_located((By.ID, \"exampleId\")))\n        >>> print(element.text)\n        \"\"\"\n        screen = None\n        stacktrace = None\n    \n        end_time = time.monotonic() + self._timeout\n        while True:\n            try:\n                value = method(self._driver)\n                if value:\n                    return value\n            except self._ignored_exceptions as exc:\n                screen = getattr(exc, \"screen\", None)\n                stacktrace = getattr(exc, \"stacktrace\", None)\n            if time.monotonic() > end_time:\n                break\n            time.sleep(self._poll)\n>       raise TimeoutException(message, screen, stacktrace)\nE       selenium.common.exceptions.TimeoutException: Message: \nE       Stacktrace:\nE       RemoteError@chrome://remote/content/shared/RemoteError.sys.mjs:8:8\nE       WebDriverError@chrome://remote/content/shared/webdriver/Errors.sys.mjs:199:5\nE       NoSuchElementError@chrome://remote/content/shared/webdriver/Errors.sys.mjs:552:5\nE       dom.find/</<@chrome://remote/content/shared/DOM.sys.mjs:136:16\n\n/opt/hostedtoolcache/Python/3.11.13/x64/lib/python3.11/site-packages/selenium/webdriver/support/wait.py:138: TimeoutException","flaky":false,"newFailed":false,"newBroken":false,"newPassed":false,"retriesCount":4,"retriesStatusChange":false,"beforeStages":[],"afterStages":[],"labels":[{"name":"parentSuite","value":"tests"},{"name":"suite","value":"test_example"},{"name":"subSuite","value":"ExampleTestCase"},{"name":"host","value":"pkrvm7jw40e0xgp"},{"name":"thread","value":"2680-MainThread"},{"name":"framework","value":"pytest"},{"name":"language","value":"cpython3"},{"name":"package","value":"tests.test_example"},{"name":"resultFormat","value":"allure2"}],"parameters":[],"links":[],"hidden":false,"retry":false,"extra":{"severity":"normal","retries":[{"uid":"8a4004d8c3594e4e","status":"broken","statusDetails":"selenium.common.exceptions.TimeoutException: Message: \nStacktrace:\nRemoteError@chrome://remote/content/shared/RemoteError.sys.mjs:8:8\nWebDriverError@chrome://remote/content/shared/webdriver/Errors.sys.mjs:199:5\nNoSuchElementError@chrome://remote/content/shared/webdriver/Errors.sys.mjs:552:5\ndom.find/</<@chrome://remote/content/shared/DOM.sys.mjs:136:16","time":{"start":1757255576465,"stop":1757255590546,"duration":14081}},{"uid":"737d1e88fe9431b8","status":"broken","statusDetails":"selenium.common.exceptions.TimeoutException: Message: \nStacktrace:\nRemoteError@chrome://remote/content/shared/RemoteError.sys.mjs:8:8\nWebDriverError@chrome://remote/content/shared/webdriver/Errors.sys.mjs:199:5\nNoSuchElementError@chrome://remote/content/shared/webdriver/Errors.sys.mjs:552:5\ndom.find/</<@chrome://remote/content/shared/DOM.sys.mjs:136:16","time":{"start":1757255574621,"stop":1757255589175,"duration":14554}},{"uid":"1fff8ad1af079872","status":"broken","statusDetails":"selenium.common.exceptions.TimeoutException: Message: \nStacktrace:\n#0 0x55d0a64b008a <unknown>\n#1 0x55d0a5f4fa70 <unknown>\n#2 0x55d0a5fa1907 <unknown>\n#3 0x55d0a5fa1b01 <unknown>\n#4 0x55d0a5fefd54 <unknown>\n#5 0x55d0a5fc740d <unknown>\n#6 0x55d0a5fed14f <unknown>\n#7 0x55d0a5fc71b3 <unknown>\n#8 0x55d0a5f9359b <unknown>\n#9 0x55d0a5f94971 <unknown>\n#10 0x55d0a647525b <unknown>\n#11 0x55d0a6478fa9 <unknown>\n#12 0x55d0a645c339 <unknown>\n#13 0x55d0a6479b58 <unknown>\n#14 0x55d0a6440c1f <unknown>\n#15 0x55d0a649d118 <unknown>\n#16 0x55d0a649d2f6 <unknown>\n#17 0x55d0a64af066 <unknown>\n#18 0x7fe75ba9caa4 <unknown>\n#19 0x7fe75bb29c3c <unknown>","time":{"start":1757255574289,"stop":1757255593305,"duration":19016}},{"uid":"8934c643732442f7","status":"broken","statusDetails":"selenium.common.exceptions.TimeoutException: Message: \nStacktrace:\n#0 0x557150a7308a <unknown>\n#1 0x557150512a70 <unknown>\n#2 0x557150564907 <unknown>\n#3 0x557150564b01 <unknown>\n#4 0x5571505b2d54 <unknown>\n#5 0x55715058a40d <unknown>\n#6 0x5571505b014f <unknown>\n#7 0x55715058a1b3 <unknown>\n#8 0x55715055659b <unknown>\n#9 0x557150557971 <unknown>\n#10 0x557150a3825b <unknown>\n#11 0x557150a3bfa9 <unknown>\n#12 0x557150a1f339 <unknown>\n#13 0x557150a3cb58 <unknown>\n#14 0x557150a03c1f <unknown>\n#15 0x557150a60118 <unknown>\n#16 0x557150a602f6 <unknown>\n#17 0x557150a72066 <unknown>\n#18 0x7f2a73e9caa4 <unknown>\n#19 0x7f2a73f29c3c <unknown>","time":{"start":1757255573463,"stop":1757255601233,"duration":27770}}],"categories":[{"name":"Test defects","matchedStatuses":[],"flaky":false}],"tags":[]},"source":"aad62a23e4221c48.json","parameterValues":[]}