{"uid":"cfd57667692c0cfc","name":"test_send_message","fullName":"tests.test_example.ExampleTestCase#test_send_message","historyId":"3bc4f3765c9b31fcf733254dd25c049d","time":{"start":1757255594694,"stop":1757255606617,"duration":11923},"status":"broken","statusMessage":"selenium.common.exceptions.TimeoutException: Message: \nStacktrace:\n#0 0x55e970ece08a <unknown>\n#1 0x55e97096da70 <unknown>\n#2 0x55e9709bf907 <unknown>\n#3 0x55e9709bfb01 <unknown>\n#4 0x55e970a0dd54 <unknown>\n#5 0x55e9709e540d <unknown>\n#6 0x55e970a0b14f <unknown>\n#7 0x55e9709e51b3 <unknown>\n#8 0x55e9709b159b <unknown>\n#9 0x55e9709b2971 <unknown>\n#10 0x55e970e9325b <unknown>\n#11 0x55e970e96fa9 <unknown>\n#12 0x55e970e7a339 <unknown>\n#13 0x55e970e97b58 <unknown>\n#14 0x55e970e5ec1f <unknown>\n#15 0x55e970ebb118 <unknown>\n#16 0x55e970ebb2f6 <unknown>\n#17 0x55e970ecd066 <unknown>\n#18 0x7efd0a89caa4 <unknown>\n#19 0x7efd0a929c3c <unknown>","statusTrace":"self = <test_example.ExampleTestCase testMethod=test_send_message>\n\n    def test_send_message(self):\n        self.home.open(OLLAMA_URL)\n>       self.home.select_gemma3()\n\ntests/test_example.py:29: \n_ _ _ _ _ _ _ _ _ _ _ _ _ _ _ _ _ _ _ _ _ _ _ _ _ _ _ _ _ _ _ _ _ _ _ _ _ _ _ _ \npages/home_page.py:21: in select_gemma3\n    self.click(self.DROPDOWN)\npages/base_page.py:10: in click\n    self.wait.until(EC.element_to_be_clickable(locator)).click()\n    ^^^^^^^^^^^^^^^^^^^^^^^^^^^^^^^^^^^^^^^^^^^^^^^^^^^^\n_ _ _ _ _ _ _ _ _ _ _ _ _ _ _ _ _ _ _ _ _ _ _ _ _ _ _ _ _ _ _ _ _ _ _ _ _ _ _ _ \n\nself = <selenium.webdriver.support.wait.WebDriverWait (session=\"2759900327cfe946dcb2aed3e5bcbf43\")>\nmethod = <function element_to_be_clickable.<locals>._predicate at 0x7f0e4aaa89a0>\nmessage = ''\n\n    def until(self, method: Callable[[D], Union[Literal[False], T]], message: str = \"\") -> T:\n        \"\"\"Wait until the method returns a value that is not False.\n    \n        Calls the method provided with the driver as an argument until the\n        return value does not evaluate to ``False``.\n    \n        Parameters:\n        -----------\n        method: callable(WebDriver)\n            - A callable object that takes a WebDriver instance as an argument.\n    \n        message: str\n            - Optional message for :exc:`TimeoutException`\n    \n        Return:\n        -------\n        object: T\n            - The result of the last call to `method`\n    \n        Raises:\n        -------\n        TimeoutException\n            - If 'method' does not return a truthy value within the WebDriverWait\n            object's timeout\n    \n        Example:\n        --------\n        >>> from selenium.webdriver.common.by import By\n        >>> from selenium.webdriver.support.ui import WebDriverWait\n        >>> from selenium.webdriver.support import expected_conditions as EC\n    \n        # Wait until an element is visible on the page\n        >>> wait = WebDriverWait(driver, 10)\n        >>> element = wait.until(EC.visibility_of_element_located((By.ID, \"exampleId\")))\n        >>> print(element.text)\n        \"\"\"\n        screen = None\n        stacktrace = None\n    \n        end_time = time.monotonic() + self._timeout\n        while True:\n            try:\n                value = method(self._driver)\n                if value:\n                    return value\n            except self._ignored_exceptions as exc:\n                screen = getattr(exc, \"screen\", None)\n                stacktrace = getattr(exc, \"stacktrace\", None)\n            if time.monotonic() > end_time:\n                break\n            time.sleep(self._poll)\n>       raise TimeoutException(message, screen, stacktrace)\nE       selenium.common.exceptions.TimeoutException: Message: \nE       Stacktrace:\nE       #0 0x55e970ece08a <unknown>\nE       #1 0x55e97096da70 <unknown>\nE       #2 0x55e9709bf907 <unknown>\nE       #3 0x55e9709bfb01 <unknown>\nE       #4 0x55e970a0dd54 <unknown>\nE       #5 0x55e9709e540d <unknown>\nE       #6 0x55e970a0b14f <unknown>\nE       #7 0x55e9709e51b3 <unknown>\nE       #8 0x55e9709b159b <unknown>\nE       #9 0x55e9709b2971 <unknown>\nE       #10 0x55e970e9325b <unknown>\nE       #11 0x55e970e96fa9 <unknown>\nE       #12 0x55e970e7a339 <unknown>\nE       #13 0x55e970e97b58 <unknown>\nE       #14 0x55e970e5ec1f <unknown>\nE       #15 0x55e970ebb118 <unknown>\nE       #16 0x55e970ebb2f6 <unknown>\nE       #17 0x55e970ecd066 <unknown>\nE       #18 0x7efd0a89caa4 <unknown>\nE       #19 0x7efd0a929c3c <unknown>\n\n/opt/hostedtoolcache/Python/3.11.13/x64/lib/python3.11/site-packages/selenium/webdriver/support/wait.py:138: TimeoutException","flaky":false,"newFailed":false,"newBroken":false,"newPassed":false,"retriesCount":2,"retriesStatusChange":false,"beforeStages":[{"name":"_unittest_setUpClass_fixture_ExampleTestCase","time":{"start":1757255574289,"stop":1757255574289,"duration":0},"status":"passed","steps":[],"attachments":[],"parameters":[],"stepsCount":0,"shouldDisplayMessage":false,"attachmentsCount":0,"hasContent":false,"attachmentStep":false}],"afterStages":[{"name":"_unittest_setUpClass_fixture_ExampleTestCase::0","time":{"start":1757255606622,"stop":1757255606622,"duration":0},"status":"passed","steps":[],"attachments":[],"parameters":[],"stepsCount":0,"shouldDisplayMessage":false,"attachmentsCount":0,"hasContent":false,"attachmentStep":false}],"labels":[{"name":"parentSuite","value":"tests"},{"name":"suite","value":"test_example"},{"name":"subSuite","value":"ExampleTestCase"},{"name":"host","value":"pkrvm7jw40e0xgp"},{"name":"thread","value":"2568-MainThread"},{"name":"framework","value":"pytest"},{"name":"language","value":"cpython3"},{"name":"package","value":"tests.test_example"},{"name":"resultFormat","value":"allure2"}],"parameters":[],"links":[],"hidden":false,"retry":false,"extra":{"severity":"normal","retries":[{"uid":"81b70994c705a1f1","status":"broken","statusDetails":"selenium.common.exceptions.TimeoutException: Message: \nStacktrace:\nRemoteError@chrome://remote/content/shared/RemoteError.sys.mjs:8:8\nWebDriverError@chrome://remote/content/shared/webdriver/Errors.sys.mjs:199:5\nNoSuchElementError@chrome://remote/content/shared/webdriver/Errors.sys.mjs:552:5\ndom.find/</<@chrome://remote/content/shared/DOM.sys.mjs:136:16","time":{"start":1757255593286,"stop":1757255606532,"duration":13246}},{"uid":"c2f852075b0b4d62","status":"broken","statusDetails":"selenium.common.exceptions.TimeoutException: Message: \nStacktrace:\nRemoteError@chrome://remote/content/shared/RemoteError.sys.mjs:8:8\nWebDriverError@chrome://remote/content/shared/webdriver/Errors.sys.mjs:199:5\nNoSuchElementError@chrome://remote/content/shared/webdriver/Errors.sys.mjs:552:5\ndom.find/</<@chrome://remote/content/shared/DOM.sys.mjs:136:16","time":{"start":1757255592331,"stop":1757255605922,"duration":13591}}],"categories":[{"name":"Test defects","matchedStatuses":[],"flaky":false}],"tags":[]},"source":"cfd57667692c0cfc.json","parameterValues":[]}